<?xml version="1.0" encoding="UTF-8"?>
<testsuite name="seedu.address.ui.StatusBarFooterTest" tests="1" skipped="0" failures="0" errors="0" timestamp="2018-10-03T06:16:41" hostname="li320-15i" time="0.242">
  <properties/>
  <testcase name="display" classname="seedu.address.ui.StatusBarFooterTest" time="0.242"/>
  <system-out><![CDATA[]]></system-out>
  <system-err><![CDATA[Oct 03, 2018 2:16:41 PM seedu.address.commons.core.EventsCenter post
INFO: ------[Event Posted] seedu.address.commons.events.model.AddressBookChangedEvent: number of persons 0
Oct 03, 2018 2:16:41 PM seedu.address.ui.StatusBarFooter handleAddressBookChangedEvent
INFO: ---[Event handled][number of persons 0]Setting last updated status to Wed Oct 03 14:16:41 SRET 2018
]]></system-err>
</testsuite>
