<?xml version="1.0" encoding="UTF-8"?>
<testsuite name="seedu.address.storage.JsonUserPrefsStorageTest" tests="9" skipped="0" failures="0" errors="0" timestamp="2018-10-03T06:16:23" hostname="li320-15i" time="0.022">
  <properties/>
  <testcase name="savePrefs_nullPrefs_throwsNullPointerException" classname="seedu.address.storage.JsonUserPrefsStorageTest" time="0.01"/>
  <testcase name="readUserPrefs_fileInOrder_successfullyRead" classname="seedu.address.storage.JsonUserPrefsStorageTest" time="0.002"/>
  <testcase name="readUserPrefs_nullFilePath_throwsNullPointerException" classname="seedu.address.storage.JsonUserPrefsStorageTest" time="0.001"/>
  <testcase name="readUserPrefs_notJsonFormat_exceptionThrown" classname="seedu.address.storage.JsonUserPrefsStorageTest" time="0.002"/>
  <testcase name="saveUserPrefs_nullFilePath_throwsNullPointerException" classname="seedu.address.storage.JsonUserPrefsStorageTest" time="0.001"/>
  <testcase name="readUserPrefs_valuesMissingFromFile_defaultValuesUsed" classname="seedu.address.storage.JsonUserPrefsStorageTest" time="0.001"/>
  <testcase name="readUserPrefs_missingFile_emptyResult" classname="seedu.address.storage.JsonUserPrefsStorageTest" time="0.001"/>
  <testcase name="saveUserPrefs_allInOrder_success" classname="seedu.address.storage.JsonUserPrefsStorageTest" time="0.001"/>
  <testcase name="readUserPrefs_extraValuesInFile_extraValuesIgnored" classname="seedu.address.storage.JsonUserPrefsStorageTest" time="0.002"/>
  <system-out><![CDATA[]]></system-out>
  <system-err><![CDATA[Oct 03, 2018 2:16:23 PM seedu.address.commons.util.JsonUtil readJsonFile
WARNING: Error reading from jsonFile file src/test/data/JsonUserPrefsStorageTest/NotJsonFormatUserPrefs.json: com.fasterxml.jackson.core.JsonParseException: Unrecognized token 'Not': was expecting 'null', 'true', 'false' or NaN
 at [Source: Not a json file!
; line: 1, column: 4]
Oct 03, 2018 2:16:23 PM seedu.address.commons.util.JsonUtil readJsonFile
INFO: Json file src/test/data/JsonUserPrefsStorageTest/NonExistentFile.json not found
]]></system-err>
</testsuite>
