<?xml version="1.0" encoding="UTF-8"?>
<testsuite name="systemtests.ErrorDialogGuiTest" tests="1" skipped="0" failures="0" errors="0" timestamp="2018-10-03T06:15:04" hostname="li320-15i" time="1.341">
  <properties/>
  <testcase name="showErrorDialogs" classname="systemtests.ErrorDialogGuiTest" time="1.341"/>
  <system-out><![CDATA[]]></system-out>
  <system-err><![CDATA[Oct 03, 2018 2:15:04 PM seedu.address.MainApp init
INFO: =============================[ Initializing AddressBook ]===========================
Oct 03, 2018 2:15:04 PM seedu.address.MainApp initConfig
INFO: Using config file : config.json
Oct 03, 2018 2:15:04 PM seedu.address.MainApp initPrefs
INFO: Using prefs file : src/test/data/sandbox/pref_testing.json
Oct 03, 2018 2:15:04 PM seedu.address.commons.core.LogsCenter init
INFO: currentLogLevel: INFO
Oct 03, 2018 2:15:04 PM seedu.address.ui.UiManager start
INFO: Starting UI...
Oct 03, 2018 2:15:04 PM guitests.guihandles.StageHandle focus
INFO: Focusing onTest App
Oct 03, 2018 2:15:04 PM guitests.guihandles.StageHandle focus
INFO: Finishing focus onTest App
Oct 03, 2018 2:15:05 PM seedu.address.commons.core.EventsCenter post
INFO: ------[Event Posted] seedu.address.commons.events.storage.DataSavingExceptionEvent: java.io.IOException: Stub
Oct 03, 2018 2:15:05 PM seedu.address.ui.UiManager handleDataSavingExceptionEvent
INFO: ---[Event handled][java.io.IOException: Stub]
]]></system-err>
</testsuite>
