<?xml version="1.0" encoding="UTF-8"?>
<testsuite name="seedu.address.commons.util.AppUtilTest" tests="5" skipped="0" failures="0" errors="0" timestamp="2018-10-03T06:16:24" hostname="li320-15i" time="0.01">
  <properties/>
  <testcase name="getImage_exitingImage" classname="seedu.address.commons.util.AppUtilTest" time="0.001"/>
  <testcase name="checkArgument_falseWithoutErrorMessage_throwsIllegalArgumentException" classname="seedu.address.commons.util.AppUtilTest" time="0.0"/>
  <testcase name="getImage_nullGiven_throwsNullPointerException" classname="seedu.address.commons.util.AppUtilTest" time="0.0"/>
  <testcase name="checkArgument_true_nothingHappens" classname="seedu.address.commons.util.AppUtilTest" time="0.0"/>
  <testcase name="checkArgument_falseWithErrorMessage_throwsIllegalArgumentException" classname="seedu.address.commons.util.AppUtilTest" time="0.001"/>
  <system-out><![CDATA[]]></system-out>
  <system-err><![CDATA[]]></system-err>
</testsuite>
