<?xml version="1.0" encoding="UTF-8"?>
<testsuite name="systemtests.SampleDataTest" tests="1" skipped="0" failures="0" errors="0" timestamp="2018-10-03T06:15:45" hostname="li320-15i" time="1.248">
  <properties/>
  <testcase name="addressBook_dataFileDoesNotExist_loadSampleData" classname="systemtests.SampleDataTest" time="1.248"/>
  <system-out><![CDATA[]]></system-out>
  <system-err><![CDATA[Oct 03, 2018 2:15:45 PM seedu.address.MainApp init
INFO: =============================[ Initializing AddressBook ]===========================
Oct 03, 2018 2:15:45 PM seedu.address.MainApp initConfig
INFO: Using config file : config.json
Oct 03, 2018 2:15:45 PM seedu.address.MainApp initPrefs
INFO: Using prefs file : src/test/data/sandbox/pref_testing.json
Oct 03, 2018 2:15:45 PM seedu.address.commons.core.LogsCenter init
INFO: currentLogLevel: INFO
Oct 03, 2018 2:15:45 PM seedu.address.storage.XmlAddressBookStorage readAddressBook
INFO: AddressBook file src/test/data/sandbox/SomeFileThatDoesNotExist1234567890.xml not found
Oct 03, 2018 2:15:45 PM seedu.address.MainApp initModelManager
INFO: Data file not found. Will be starting with a sample AddressBook
Oct 03, 2018 2:15:45 PM seedu.address.ui.UiManager start
INFO: Starting UI...
Oct 03, 2018 2:15:46 PM guitests.guihandles.StageHandle focus
INFO: Focusing onTest App
Oct 03, 2018 2:15:46 PM guitests.guihandles.StageHandle focus
INFO: Finishing focus onTest App
]]></system-err>
</testsuite>
