<?xml version="1.0" encoding="UTF-8"?>
<testsuite name="seedu.address.logic.commands.ExitCommandTest" tests="1" skipped="0" failures="0" errors="0" timestamp="2018-10-03T06:16:24" hostname="li320-15i" time="0.001">
  <properties/>
  <testcase name="execute_exit_success" classname="seedu.address.logic.commands.ExitCommandTest" time="0.001"/>
  <system-out><![CDATA[]]></system-out>
  <system-err><![CDATA[Oct 03, 2018 2:16:24 PM seedu.address.commons.core.EventsCenter post
INFO: ------[Event Posted] seedu.address.commons.events.ui.ExitAppRequestEvent: ExitAppRequestEvent
]]></system-err>
</testsuite>
