<?xml version="1.0" encoding="UTF-8"?>
<testsuite name="seedu.address.ui.HelpWindowTest" tests="4" skipped="1" failures="0" errors="0" timestamp="2018-10-03T06:16:31" hostname="li320-15i" time="1.093">
  <properties/>
  <testcase name="focus_helpWindowNotFocused_focused" classname="seedu.address.ui.HelpWindowTest" time="0.279">
    <skipped/>
  </testcase>
  <testcase name="isShowing_helpWindowIsShowing_returnsTrue" classname="seedu.address.ui.HelpWindowTest" time="0.315"/>
  <testcase name="isShowing_helpWindowIsHiding_returnsFalse" classname="seedu.address.ui.HelpWindowTest" time="0.167"/>
  <testcase name="display" classname="seedu.address.ui.HelpWindowTest" time="0.33"/>
  <system-out><![CDATA[]]></system-out>
  <system-err><![CDATA[]]></system-err>
</testsuite>
