<?xml version="1.0" encoding="UTF-8"?>
<testsuite name="seedu.address.logic.commands.HistoryCommandTest" tests="1" skipped="0" failures="0" errors="0" timestamp="2018-10-03T06:16:24" hostname="li320-15i" time="0.0">
  <properties/>
  <testcase name="execute" classname="seedu.address.logic.commands.HistoryCommandTest" time="0.0"/>
  <system-out><![CDATA[]]></system-out>
  <system-err><![CDATA[]]></system-err>
</testsuite>
