<?xml version="1.0" encoding="UTF-8"?>
<testsuite name="seedu.address.storage.StorageManagerTest" tests="4" skipped="0" failures="0" errors="0" timestamp="2018-10-03T06:16:23" hostname="li320-15i" time="0.027">
  <properties/>
  <testcase name="addressBookReadSave" classname="seedu.address.storage.StorageManagerTest" time="0.018"/>
  <testcase name="handleAddressBookChangedEvent_exceptionThrown_eventRaised" classname="seedu.address.storage.StorageManagerTest" time="0.003"/>
  <testcase name="prefsReadSave" classname="seedu.address.storage.StorageManagerTest" time="0.003"/>
  <testcase name="getAddressBookFilePath" classname="seedu.address.storage.StorageManagerTest" time="0.001"/>
  <system-out><![CDATA[]]></system-out>
  <system-err><![CDATA[Oct 03, 2018 2:16:23 PM seedu.address.storage.StorageManager handleAddressBookChangedEvent
INFO: ---[Event handled][number of persons 0]Local data changed, saving to file
Oct 03, 2018 2:16:23 PM seedu.address.commons.core.EventsCenter post
INFO: ------[Event Posted] seedu.address.commons.events.storage.DataSavingExceptionEvent: java.io.IOException: dummy exception
]]></system-err>
</testsuite>
