<?xml version="1.0" encoding="UTF-8"?>
<testsuite name="systemtests.EditCommandSystemTest" tests="1" skipped="0" failures="0" errors="0" timestamp="2018-10-03T06:15:47" hostname="li320-15i" time="21.489">
  <properties/>
  <testcase name="edit" classname="systemtests.EditCommandSystemTest" time="21.489"/>
  <system-out><![CDATA[]]></system-out>
  <system-err><![CDATA[Oct 03, 2018 2:15:47 PM seedu.address.MainApp init
INFO: =============================[ Initializing AddressBook ]===========================
Oct 03, 2018 2:15:47 PM seedu.address.MainApp initConfig
INFO: Using config file : config.json
Oct 03, 2018 2:15:47 PM seedu.address.MainApp initPrefs
INFO: Using prefs file : src/test/data/sandbox/pref_testing.json
Oct 03, 2018 2:15:47 PM seedu.address.commons.core.LogsCenter init
INFO: currentLogLevel: INFO
Oct 03, 2018 2:15:47 PM seedu.address.ui.UiManager start
INFO: Starting UI...
Oct 03, 2018 2:15:47 PM guitests.guihandles.StageHandle focus
INFO: Focusing onTest App
Oct 03, 2018 2:15:47 PM guitests.guihandles.StageHandle focus
INFO: Finishing focus onTest App
Oct 03, 2018 2:15:48 PM seedu.address.commons.core.EventsCenter post
INFO: ------[Event Posted] seedu.address.commons.events.model.AddressBookChangedEvent: number of persons 7
Oct 03, 2018 2:15:48 PM seedu.address.storage.StorageManager handleAddressBookChangedEvent
INFO: ---[Event handled][number of persons 7]Local data changed, saving to file
Oct 03, 2018 2:15:48 PM seedu.address.ui.StatusBarFooter handleAddressBookChangedEvent
INFO: ---[Event handled][number of persons 7]Setting last updated status to Wed Oct 03 14:15:47 SRET 2018
Oct 03, 2018 2:15:48 PM seedu.address.logic.LogicManager execute
INFO: ----------------[USER COMMAND][ edit  1   n/Bob Choo   p/22222222  e/bob@example.com   a/Block 123, Bobby Street 3  t/husband ]
Oct 03, 2018 2:15:48 PM seedu.address.commons.core.EventsCenter post
INFO: ------[Event Posted] seedu.address.commons.events.model.AddressBookChangedEvent: number of persons 7
Oct 03, 2018 2:15:48 PM seedu.address.storage.StorageManager handleAddressBookChangedEvent
INFO: ---[Event handled][number of persons 7]Local data changed, saving to file
Oct 03, 2018 2:15:48 PM seedu.address.ui.StatusBarFooter handleAddressBookChangedEvent
INFO: ---[Event handled][number of persons 7]Setting last updated status to Wed Oct 03 14:15:48 SRET 2018
Oct 03, 2018 2:15:48 PM seedu.address.ui.CommandBox handleCommandEntered
INFO: Result: Edited Person: Bob Choo Phone: 22222222 Email: bob@example.com Address: Block 123, Bobby Street 3 Tags: [husband]
Oct 03, 2018 2:15:48 PM seedu.address.commons.core.EventsCenter post
INFO: ------[Event Posted] seedu.address.commons.events.ui.NewResultAvailableEvent: NewResultAvailableEvent
Oct 03, 2018 2:15:48 PM seedu.address.ui.ResultDisplay handleNewResultAvailableEvent
INFO: ---[Event handled][NewResultAvailableEvent]
Oct 03, 2018 2:15:49 PM seedu.address.logic.LogicManager execute
INFO: ----------------[USER COMMAND][undo]
Oct 03, 2018 2:15:49 PM seedu.address.commons.core.EventsCenter post
INFO: ------[Event Posted] seedu.address.commons.events.model.AddressBookChangedEvent: number of persons 7
Oct 03, 2018 2:15:49 PM seedu.address.storage.StorageManager handleAddressBookChangedEvent
INFO: ---[Event handled][number of persons 7]Local data changed, saving to file
Oct 03, 2018 2:15:49 PM seedu.address.ui.StatusBarFooter handleAddressBookChangedEvent
INFO: ---[Event handled][number of persons 7]Setting last updated status to Wed Oct 03 14:15:48 SRET 2018
Oct 03, 2018 2:15:49 PM seedu.address.ui.CommandBox handleCommandEntered
INFO: Result: Undo success!
Oct 03, 2018 2:15:49 PM seedu.address.commons.core.EventsCenter post
INFO: ------[Event Posted] seedu.address.commons.events.ui.NewResultAvailableEvent: NewResultAvailableEvent
Oct 03, 2018 2:15:49 PM seedu.address.ui.ResultDisplay handleNewResultAvailableEvent
INFO: ---[Event handled][NewResultAvailableEvent]
Oct 03, 2018 2:15:49 PM seedu.address.commons.core.EventsCenter post
INFO: ------[Event Posted] seedu.address.commons.events.model.AddressBookChangedEvent: number of persons 7
Oct 03, 2018 2:15:49 PM seedu.address.storage.StorageManager handleAddressBookChangedEvent
INFO: ---[Event handled][number of persons 7]Local data changed, saving to file
Oct 03, 2018 2:15:49 PM seedu.address.ui.StatusBarFooter handleAddressBookChangedEvent
INFO: ---[Event handled][number of persons 7]Setting last updated status to Wed Oct 03 14:15:48 SRET 2018
Oct 03, 2018 2:15:49 PM seedu.address.logic.LogicManager execute
INFO: ----------------[USER COMMAND][redo]
Oct 03, 2018 2:15:49 PM seedu.address.commons.core.EventsCenter post
INFO: ------[Event Posted] seedu.address.commons.events.model.AddressBookChangedEvent: number of persons 7
Oct 03, 2018 2:15:49 PM seedu.address.storage.StorageManager handleAddressBookChangedEvent
INFO: ---[Event handled][number of persons 7]Local data changed, saving to file
Oct 03, 2018 2:15:49 PM seedu.address.ui.StatusBarFooter handleAddressBookChangedEvent
INFO: ---[Event handled][number of persons 7]Setting last updated status to Wed Oct 03 14:15:49 SRET 2018
Oct 03, 2018 2:15:49 PM seedu.address.ui.CommandBox handleCommandEntered
INFO: Result: Redo success!
Oct 03, 2018 2:15:49 PM seedu.address.commons.core.EventsCenter post
INFO: ------[Event Posted] seedu.address.commons.events.ui.NewResultAvailableEvent: NewResultAvailableEvent
Oct 03, 2018 2:15:49 PM seedu.address.ui.ResultDisplay handleNewResultAvailableEvent
INFO: ---[Event handled][NewResultAvailableEvent]
Oct 03, 2018 2:15:50 PM seedu.address.commons.core.EventsCenter post
INFO: ------[Event Posted] seedu.address.commons.events.model.AddressBookChangedEvent: number of persons 7
Oct 03, 2018 2:15:50 PM seedu.address.storage.StorageManager handleAddressBookChangedEvent
INFO: ---[Event handled][number of persons 7]Local data changed, saving to file
Oct 03, 2018 2:15:50 PM seedu.address.ui.StatusBarFooter handleAddressBookChangedEvent
INFO: ---[Event handled][number of persons 7]Setting last updated status to Wed Oct 03 14:15:49 SRET 2018
Oct 03, 2018 2:15:50 PM seedu.address.logic.LogicManager execute
INFO: ----------------[USER COMMAND][edit 1 n/Bob Choo p/22222222 e/bob@example.com a/Block 123, Bobby Street 3 t/friend t/husband]
Oct 03, 2018 2:15:50 PM seedu.address.commons.core.EventsCenter post
INFO: ------[Event Posted] seedu.address.commons.events.model.AddressBookChangedEvent: number of persons 7
Oct 03, 2018 2:15:50 PM seedu.address.storage.StorageManager handleAddressBookChangedEvent
INFO: ---[Event handled][number of persons 7]Local data changed, saving to file
Oct 03, 2018 2:15:50 PM seedu.address.ui.StatusBarFooter handleAddressBookChangedEvent
INFO: ---[Event handled][number of persons 7]Setting last updated status to Wed Oct 03 14:15:50 SRET 2018
Oct 03, 2018 2:15:50 PM seedu.address.ui.CommandBox handleCommandEntered
INFO: Result: Edited Person: Bob Choo Phone: 22222222 Email: bob@example.com Address: Block 123, Bobby Street 3 Tags: [friend][husband]
Oct 03, 2018 2:15:50 PM seedu.address.commons.core.EventsCenter post
INFO: ------[Event Posted] seedu.address.commons.events.ui.NewResultAvailableEvent: NewResultAvailableEvent
Oct 03, 2018 2:15:50 PM seedu.address.ui.ResultDisplay handleNewResultAvailableEvent
INFO: ---[Event handled][NewResultAvailableEvent]
Oct 03, 2018 2:15:51 PM seedu.address.commons.core.EventsCenter post
INFO: ------[Event Posted] seedu.address.commons.events.model.AddressBookChangedEvent: number of persons 7
Oct 03, 2018 2:15:51 PM seedu.address.storage.StorageManager handleAddressBookChangedEvent
INFO: ---[Event handled][number of persons 7]Local data changed, saving to file
Oct 03, 2018 2:15:51 PM seedu.address.ui.StatusBarFooter handleAddressBookChangedEvent
INFO: ---[Event handled][number of persons 7]Setting last updated status to Wed Oct 03 14:15:50 SRET 2018
Oct 03, 2018 2:15:51 PM seedu.address.logic.LogicManager execute
INFO: ----------------[USER COMMAND][edit 2 n/Amy Bee p/22222222 e/bob@example.com a/Block 123, Bobby Street 3 t/friend t/husband]
Oct 03, 2018 2:15:51 PM seedu.address.commons.core.EventsCenter post
INFO: ------[Event Posted] seedu.address.commons.events.model.AddressBookChangedEvent: number of persons 7
Oct 03, 2018 2:15:51 PM seedu.address.storage.StorageManager handleAddressBookChangedEvent
INFO: ---[Event handled][number of persons 7]Local data changed, saving to file
Oct 03, 2018 2:15:51 PM seedu.address.ui.StatusBarFooter handleAddressBookChangedEvent
INFO: ---[Event handled][number of persons 7]Setting last updated status to Wed Oct 03 14:15:51 SRET 2018
Oct 03, 2018 2:15:51 PM seedu.address.ui.CommandBox handleCommandEntered
INFO: Result: Edited Person: Amy Bee Phone: 22222222 Email: bob@example.com Address: Block 123, Bobby Street 3 Tags: [friend][husband]
Oct 03, 2018 2:15:51 PM seedu.address.commons.core.EventsCenter post
INFO: ------[Event Posted] seedu.address.commons.events.ui.NewResultAvailableEvent: NewResultAvailableEvent
Oct 03, 2018 2:15:51 PM seedu.address.ui.ResultDisplay handleNewResultAvailableEvent
INFO: ---[Event handled][NewResultAvailableEvent]
Oct 03, 2018 2:15:52 PM seedu.address.commons.core.EventsCenter post
INFO: ------[Event Posted] seedu.address.commons.events.model.AddressBookChangedEvent: number of persons 7
Oct 03, 2018 2:15:52 PM seedu.address.storage.StorageManager handleAddressBookChangedEvent
INFO: ---[Event handled][number of persons 7]Local data changed, saving to file
Oct 03, 2018 2:15:52 PM seedu.address.ui.StatusBarFooter handleAddressBookChangedEvent
INFO: ---[Event handled][number of persons 7]Setting last updated status to Wed Oct 03 14:15:51 SRET 2018
Oct 03, 2018 2:15:52 PM seedu.address.logic.LogicManager execute
INFO: ----------------[USER COMMAND][edit 2 n/Bob Choo p/11111111 e/amy@example.com a/Block 123, Bobby Street 3 t/friend t/husband]
Oct 03, 2018 2:15:52 PM seedu.address.commons.core.EventsCenter post
INFO: ------[Event Posted] seedu.address.commons.events.model.AddressBookChangedEvent: number of persons 7
Oct 03, 2018 2:15:52 PM seedu.address.storage.StorageManager handleAddressBookChangedEvent
INFO: ---[Event handled][number of persons 7]Local data changed, saving to file
Oct 03, 2018 2:15:52 PM seedu.address.ui.StatusBarFooter handleAddressBookChangedEvent
INFO: ---[Event handled][number of persons 7]Setting last updated status to Wed Oct 03 14:15:52 SRET 2018
Oct 03, 2018 2:15:52 PM seedu.address.ui.CommandBox handleCommandEntered
INFO: Result: Edited Person: Bob Choo Phone: 11111111 Email: amy@example.com Address: Block 123, Bobby Street 3 Tags: [friend][husband]
Oct 03, 2018 2:15:52 PM seedu.address.commons.core.EventsCenter post
INFO: ------[Event Posted] seedu.address.commons.events.ui.NewResultAvailableEvent: NewResultAvailableEvent
Oct 03, 2018 2:15:52 PM seedu.address.ui.ResultDisplay handleNewResultAvailableEvent
INFO: ---[Event handled][NewResultAvailableEvent]
Oct 03, 2018 2:15:52 PM seedu.address.commons.core.EventsCenter post
INFO: ------[Event Posted] seedu.address.commons.events.model.AddressBookChangedEvent: number of persons 7
Oct 03, 2018 2:15:52 PM seedu.address.storage.StorageManager handleAddressBookChangedEvent
INFO: ---[Event handled][number of persons 7]Local data changed, saving to file
Oct 03, 2018 2:15:52 PM seedu.address.ui.StatusBarFooter handleAddressBookChangedEvent
INFO: ---[Event handled][number of persons 7]Setting last updated status to Wed Oct 03 14:15:52 SRET 2018
Oct 03, 2018 2:15:53 PM seedu.address.logic.LogicManager execute
INFO: ----------------[USER COMMAND][edit 1 t/]
Oct 03, 2018 2:15:53 PM seedu.address.commons.core.EventsCenter post
INFO: ------[Event Posted] seedu.address.commons.events.model.AddressBookChangedEvent: number of persons 7
Oct 03, 2018 2:15:53 PM seedu.address.storage.StorageManager handleAddressBookChangedEvent
INFO: ---[Event handled][number of persons 7]Local data changed, saving to file
Oct 03, 2018 2:15:53 PM seedu.address.ui.StatusBarFooter handleAddressBookChangedEvent
INFO: ---[Event handled][number of persons 7]Setting last updated status to Wed Oct 03 14:15:52 SRET 2018
Oct 03, 2018 2:15:53 PM seedu.address.ui.CommandBox handleCommandEntered
INFO: Result: Edited Person: Bob Choo Phone: 22222222 Email: bob@example.com Address: Block 123, Bobby Street 3 Tags: 
Oct 03, 2018 2:15:53 PM seedu.address.commons.core.EventsCenter post
INFO: ------[Event Posted] seedu.address.commons.events.ui.NewResultAvailableEvent: NewResultAvailableEvent
Oct 03, 2018 2:15:53 PM seedu.address.ui.ResultDisplay handleNewResultAvailableEvent
INFO: ---[Event handled][NewResultAvailableEvent]
Oct 03, 2018 2:15:53 PM seedu.address.logic.LogicManager execute
INFO: ----------------[USER COMMAND][find Meier]
Oct 03, 2018 2:15:53 PM seedu.address.ui.CommandBox handleCommandEntered
INFO: Result: 1 persons listed!
Oct 03, 2018 2:15:53 PM seedu.address.commons.core.EventsCenter post
INFO: ------[Event Posted] seedu.address.commons.events.ui.NewResultAvailableEvent: NewResultAvailableEvent
Oct 03, 2018 2:15:53 PM seedu.address.ui.ResultDisplay handleNewResultAvailableEvent
INFO: ---[Event handled][NewResultAvailableEvent]
Oct 03, 2018 2:15:53 PM seedu.address.commons.core.EventsCenter post
INFO: ------[Event Posted] seedu.address.commons.events.model.AddressBookChangedEvent: number of persons 7
Oct 03, 2018 2:15:53 PM seedu.address.storage.StorageManager handleAddressBookChangedEvent
INFO: ---[Event handled][number of persons 7]Local data changed, saving to file
Oct 03, 2018 2:15:53 PM seedu.address.ui.StatusBarFooter handleAddressBookChangedEvent
INFO: ---[Event handled][number of persons 7]Setting last updated status to Wed Oct 03 14:15:53 SRET 2018
Oct 03, 2018 2:15:54 PM seedu.address.logic.LogicManager execute
INFO: ----------------[USER COMMAND][edit 1  n/Bob Choo]
Oct 03, 2018 2:15:54 PM seedu.address.commons.core.EventsCenter post
INFO: ------[Event Posted] seedu.address.commons.events.model.AddressBookChangedEvent: number of persons 7
Oct 03, 2018 2:15:54 PM seedu.address.storage.StorageManager handleAddressBookChangedEvent
INFO: ---[Event handled][number of persons 7]Local data changed, saving to file
Oct 03, 2018 2:15:54 PM seedu.address.ui.StatusBarFooter handleAddressBookChangedEvent
INFO: ---[Event handled][number of persons 7]Setting last updated status to Wed Oct 03 14:15:53 SRET 2018
Oct 03, 2018 2:15:54 PM seedu.address.ui.CommandBox handleCommandEntered
INFO: Result: Edited Person: Bob Choo Phone: 87652533 Email: cornelia@example.com Address: 10th street Tags: [friends]
Oct 03, 2018 2:15:54 PM seedu.address.commons.core.EventsCenter post
INFO: ------[Event Posted] seedu.address.commons.events.ui.NewResultAvailableEvent: NewResultAvailableEvent
Oct 03, 2018 2:15:54 PM seedu.address.ui.ResultDisplay handleNewResultAvailableEvent
INFO: ---[Event handled][NewResultAvailableEvent]
Oct 03, 2018 2:15:54 PM seedu.address.logic.LogicManager execute
INFO: ----------------[USER COMMAND][find Meier]
Oct 03, 2018 2:15:54 PM seedu.address.ui.CommandBox handleCommandEntered
INFO: Result: 0 persons listed!
Oct 03, 2018 2:15:54 PM seedu.address.commons.core.EventsCenter post
INFO: ------[Event Posted] seedu.address.commons.events.ui.NewResultAvailableEvent: NewResultAvailableEvent
Oct 03, 2018 2:15:54 PM seedu.address.ui.ResultDisplay handleNewResultAvailableEvent
INFO: ---[Event handled][NewResultAvailableEvent]
Oct 03, 2018 2:15:55 PM seedu.address.logic.LogicManager execute
INFO: ----------------[USER COMMAND][edit 7 n/Bob Choo]
Oct 03, 2018 2:15:55 PM seedu.address.ui.CommandBox handleCommandEntered
INFO: Invalid command: edit 7 n/Bob Choo
Oct 03, 2018 2:15:55 PM seedu.address.commons.core.EventsCenter post
INFO: ------[Event Posted] seedu.address.commons.events.ui.NewResultAvailableEvent: NewResultAvailableEvent
Oct 03, 2018 2:15:55 PM seedu.address.ui.ResultDisplay handleNewResultAvailableEvent
INFO: ---[Event handled][NewResultAvailableEvent]
Oct 03, 2018 2:15:55 PM seedu.address.logic.LogicManager execute
INFO: ----------------[USER COMMAND][list]
Oct 03, 2018 2:15:55 PM seedu.address.ui.CommandBox handleCommandEntered
INFO: Result: Listed all persons
Oct 03, 2018 2:15:55 PM seedu.address.commons.core.EventsCenter post
INFO: ------[Event Posted] seedu.address.commons.events.ui.NewResultAvailableEvent: NewResultAvailableEvent
Oct 03, 2018 2:15:55 PM seedu.address.ui.ResultDisplay handleNewResultAvailableEvent
INFO: ---[Event handled][NewResultAvailableEvent]
Oct 03, 2018 2:15:55 PM seedu.address.logic.LogicManager execute
INFO: ----------------[USER COMMAND][select 1]
Oct 03, 2018 2:15:55 PM seedu.address.commons.core.EventsCenter post
INFO: ------[Event Posted] seedu.address.commons.events.ui.JumpToListRequestEvent: JumpToListRequestEvent
Oct 03, 2018 2:15:55 PM seedu.address.ui.PersonListPanel handleJumpToListRequestEvent
INFO: ---[Event handled][JumpToListRequestEvent]
Oct 03, 2018 2:15:55 PM seedu.address.ui.CommandBox handleCommandEntered
INFO: Result: Selected Person: 1
Oct 03, 2018 2:15:55 PM seedu.address.commons.core.EventsCenter post
INFO: ------[Event Posted] seedu.address.commons.events.ui.NewResultAvailableEvent: NewResultAvailableEvent
Oct 03, 2018 2:15:55 PM seedu.address.ui.ResultDisplay handleNewResultAvailableEvent
INFO: ---[Event handled][NewResultAvailableEvent]
Oct 03, 2018 2:15:55 PM seedu.address.commons.core.EventsCenter post
INFO: ------[Event Posted] seedu.address.commons.events.ui.PersonPanelSelectionChangedEvent: PersonPanelSelectionChangedEvent
Oct 03, 2018 2:15:55 PM seedu.address.ui.BrowserPanel handlePersonPanelSelectionChangedEvent
INFO: ---[Event handled][PersonPanelSelectionChangedEvent]
Oct 03, 2018 2:15:56 PM seedu.address.commons.core.EventsCenter post
INFO: ------[Event Posted] seedu.address.commons.events.model.AddressBookChangedEvent: number of persons 7
Oct 03, 2018 2:15:56 PM seedu.address.storage.StorageManager handleAddressBookChangedEvent
INFO: ---[Event handled][number of persons 7]Local data changed, saving to file
Oct 03, 2018 2:15:56 PM seedu.address.ui.StatusBarFooter handleAddressBookChangedEvent
INFO: ---[Event handled][number of persons 7]Setting last updated status to Wed Oct 03 14:15:55 SRET 2018
Oct 03, 2018 2:15:56 PM seedu.address.logic.LogicManager execute
INFO: ----------------[USER COMMAND][edit 1 n/Amy Bee p/11111111 e/amy@example.com a/Block 312, Amy Street 1 t/friend]
Oct 03, 2018 2:15:56 PM seedu.address.commons.core.EventsCenter post
INFO: ------[Event Posted] seedu.address.commons.events.ui.PersonPanelSelectionChangedEvent: PersonPanelSelectionChangedEvent
Oct 03, 2018 2:15:56 PM seedu.address.ui.BrowserPanel handlePersonPanelSelectionChangedEvent
INFO: ---[Event handled][PersonPanelSelectionChangedEvent]
Oct 03, 2018 2:15:56 PM seedu.address.commons.core.EventsCenter post
INFO: ------[Event Posted] seedu.address.commons.events.model.AddressBookChangedEvent: number of persons 7
Oct 03, 2018 2:15:56 PM seedu.address.storage.StorageManager handleAddressBookChangedEvent
INFO: ---[Event handled][number of persons 7]Local data changed, saving to file
Oct 03, 2018 2:15:56 PM seedu.address.ui.StatusBarFooter handleAddressBookChangedEvent
INFO: ---[Event handled][number of persons 7]Setting last updated status to Wed Oct 03 14:15:56 SRET 2018
Oct 03, 2018 2:15:56 PM seedu.address.ui.CommandBox handleCommandEntered
INFO: Result: Edited Person: Amy Bee Phone: 11111111 Email: amy@example.com Address: Block 312, Amy Street 1 Tags: [friend]
Oct 03, 2018 2:15:56 PM seedu.address.commons.core.EventsCenter post
INFO: ------[Event Posted] seedu.address.commons.events.ui.NewResultAvailableEvent: NewResultAvailableEvent
Oct 03, 2018 2:15:56 PM seedu.address.ui.ResultDisplay handleNewResultAvailableEvent
INFO: ---[Event handled][NewResultAvailableEvent]
Oct 03, 2018 2:15:57 PM seedu.address.logic.LogicManager execute
INFO: ----------------[USER COMMAND][edit 0 n/Bob Choo]
Oct 03, 2018 2:15:57 PM seedu.address.ui.CommandBox handleCommandEntered
INFO: Invalid command: edit 0 n/Bob Choo
Oct 03, 2018 2:15:57 PM seedu.address.commons.core.EventsCenter post
INFO: ------[Event Posted] seedu.address.commons.events.ui.NewResultAvailableEvent: NewResultAvailableEvent
Oct 03, 2018 2:15:57 PM seedu.address.ui.ResultDisplay handleNewResultAvailableEvent
INFO: ---[Event handled][NewResultAvailableEvent]
Oct 03, 2018 2:15:58 PM seedu.address.logic.LogicManager execute
INFO: ----------------[USER COMMAND][edit -1 n/Bob Choo]
Oct 03, 2018 2:15:58 PM seedu.address.ui.CommandBox handleCommandEntered
INFO: Invalid command: edit -1 n/Bob Choo
Oct 03, 2018 2:15:58 PM seedu.address.commons.core.EventsCenter post
INFO: ------[Event Posted] seedu.address.commons.events.ui.NewResultAvailableEvent: NewResultAvailableEvent
Oct 03, 2018 2:15:58 PM seedu.address.ui.ResultDisplay handleNewResultAvailableEvent
INFO: ---[Event handled][NewResultAvailableEvent]
Oct 03, 2018 2:15:58 PM seedu.address.logic.LogicManager execute
INFO: ----------------[USER COMMAND][edit 8 n/Bob Choo]
Oct 03, 2018 2:15:58 PM seedu.address.ui.CommandBox handleCommandEntered
INFO: Invalid command: edit 8 n/Bob Choo
Oct 03, 2018 2:15:58 PM seedu.address.commons.core.EventsCenter post
INFO: ------[Event Posted] seedu.address.commons.events.ui.NewResultAvailableEvent: NewResultAvailableEvent
Oct 03, 2018 2:15:58 PM seedu.address.ui.ResultDisplay handleNewResultAvailableEvent
INFO: ---[Event handled][NewResultAvailableEvent]
Oct 03, 2018 2:15:59 PM seedu.address.logic.LogicManager execute
INFO: ----------------[USER COMMAND][edit n/Bob Choo]
Oct 03, 2018 2:15:59 PM seedu.address.ui.CommandBox handleCommandEntered
INFO: Invalid command: edit n/Bob Choo
Oct 03, 2018 2:15:59 PM seedu.address.commons.core.EventsCenter post
INFO: ------[Event Posted] seedu.address.commons.events.ui.NewResultAvailableEvent: NewResultAvailableEvent
Oct 03, 2018 2:15:59 PM seedu.address.ui.ResultDisplay handleNewResultAvailableEvent
INFO: ---[Event handled][NewResultAvailableEvent]
Oct 03, 2018 2:16:00 PM seedu.address.logic.LogicManager execute
INFO: ----------------[USER COMMAND][edit 1]
Oct 03, 2018 2:16:00 PM seedu.address.ui.CommandBox handleCommandEntered
INFO: Invalid command: edit 1
Oct 03, 2018 2:16:00 PM seedu.address.commons.core.EventsCenter post
INFO: ------[Event Posted] seedu.address.commons.events.ui.NewResultAvailableEvent: NewResultAvailableEvent
Oct 03, 2018 2:16:00 PM seedu.address.ui.ResultDisplay handleNewResultAvailableEvent
INFO: ---[Event handled][NewResultAvailableEvent]
Oct 03, 2018 2:16:01 PM seedu.address.logic.LogicManager execute
INFO: ----------------[USER COMMAND][edit 1 n/James&]
Oct 03, 2018 2:16:01 PM seedu.address.ui.CommandBox handleCommandEntered
INFO: Invalid command: edit 1 n/James&
Oct 03, 2018 2:16:01 PM seedu.address.commons.core.EventsCenter post
INFO: ------[Event Posted] seedu.address.commons.events.ui.NewResultAvailableEvent: NewResultAvailableEvent
Oct 03, 2018 2:16:01 PM seedu.address.ui.ResultDisplay handleNewResultAvailableEvent
INFO: ---[Event handled][NewResultAvailableEvent]
Oct 03, 2018 2:16:01 PM seedu.address.logic.LogicManager execute
INFO: ----------------[USER COMMAND][edit 1 p/911a]
Oct 03, 2018 2:16:01 PM seedu.address.ui.CommandBox handleCommandEntered
INFO: Invalid command: edit 1 p/911a
Oct 03, 2018 2:16:01 PM seedu.address.commons.core.EventsCenter post
INFO: ------[Event Posted] seedu.address.commons.events.ui.NewResultAvailableEvent: NewResultAvailableEvent
Oct 03, 2018 2:16:01 PM seedu.address.ui.ResultDisplay handleNewResultAvailableEvent
INFO: ---[Event handled][NewResultAvailableEvent]
Oct 03, 2018 2:16:02 PM seedu.address.logic.LogicManager execute
INFO: ----------------[USER COMMAND][edit 1 e/bob!yahoo]
Oct 03, 2018 2:16:02 PM seedu.address.ui.CommandBox handleCommandEntered
INFO: Invalid command: edit 1 e/bob!yahoo
Oct 03, 2018 2:16:02 PM seedu.address.commons.core.EventsCenter post
INFO: ------[Event Posted] seedu.address.commons.events.ui.NewResultAvailableEvent: NewResultAvailableEvent
Oct 03, 2018 2:16:02 PM seedu.address.ui.ResultDisplay handleNewResultAvailableEvent
INFO: ---[Event handled][NewResultAvailableEvent]
Oct 03, 2018 2:16:03 PM seedu.address.logic.LogicManager execute
INFO: ----------------[USER COMMAND][edit 1 a/]
Oct 03, 2018 2:16:03 PM seedu.address.ui.CommandBox handleCommandEntered
INFO: Invalid command: edit 1 a/
Oct 03, 2018 2:16:03 PM seedu.address.commons.core.EventsCenter post
INFO: ------[Event Posted] seedu.address.commons.events.ui.NewResultAvailableEvent: NewResultAvailableEvent
Oct 03, 2018 2:16:03 PM seedu.address.ui.ResultDisplay handleNewResultAvailableEvent
INFO: ---[Event handled][NewResultAvailableEvent]
Oct 03, 2018 2:16:03 PM seedu.address.logic.LogicManager execute
INFO: ----------------[USER COMMAND][edit 1 t/hubby*]
Oct 03, 2018 2:16:03 PM seedu.address.ui.CommandBox handleCommandEntered
INFO: Invalid command: edit 1 t/hubby*
Oct 03, 2018 2:16:03 PM seedu.address.commons.core.EventsCenter post
INFO: ------[Event Posted] seedu.address.commons.events.ui.NewResultAvailableEvent: NewResultAvailableEvent
Oct 03, 2018 2:16:03 PM seedu.address.ui.ResultDisplay handleNewResultAvailableEvent
INFO: ---[Event handled][NewResultAvailableEvent]
Oct 03, 2018 2:16:04 PM seedu.address.logic.LogicManager execute
INFO: ----------------[USER COMMAND][add n/Bob Choo p/22222222 e/bob@example.com a/Block 123, Bobby Street 3 t/friend t/husband ]
Oct 03, 2018 2:16:04 PM seedu.address.commons.core.EventsCenter post
INFO: ------[Event Posted] seedu.address.commons.events.model.AddressBookChangedEvent: number of persons 8
Oct 03, 2018 2:16:04 PM seedu.address.storage.StorageManager handleAddressBookChangedEvent
INFO: ---[Event handled][number of persons 8]Local data changed, saving to file
Oct 03, 2018 2:16:04 PM seedu.address.ui.StatusBarFooter handleAddressBookChangedEvent
INFO: ---[Event handled][number of persons 8]Setting last updated status to Wed Oct 03 14:16:04 SRET 2018
Oct 03, 2018 2:16:04 PM seedu.address.ui.CommandBox handleCommandEntered
INFO: Result: New person added: Bob Choo Phone: 22222222 Email: bob@example.com Address: Block 123, Bobby Street 3 Tags: [friend][husband]
Oct 03, 2018 2:16:04 PM seedu.address.commons.core.EventsCenter post
INFO: ------[Event Posted] seedu.address.commons.events.ui.NewResultAvailableEvent: NewResultAvailableEvent
Oct 03, 2018 2:16:04 PM seedu.address.ui.ResultDisplay handleNewResultAvailableEvent
INFO: ---[Event handled][NewResultAvailableEvent]
Oct 03, 2018 2:16:04 PM seedu.address.logic.LogicManager execute
INFO: ----------------[USER COMMAND][edit 1 n/Bob Choo p/22222222 e/bob@example.com a/Block 123, Bobby Street 3 t/friend t/husband]
Oct 03, 2018 2:16:04 PM seedu.address.ui.CommandBox handleCommandEntered
INFO: Invalid command: edit 1 n/Bob Choo p/22222222 e/bob@example.com a/Block 123, Bobby Street 3 t/friend t/husband
Oct 03, 2018 2:16:04 PM seedu.address.commons.core.EventsCenter post
INFO: ------[Event Posted] seedu.address.commons.events.ui.NewResultAvailableEvent: NewResultAvailableEvent
Oct 03, 2018 2:16:04 PM seedu.address.ui.ResultDisplay handleNewResultAvailableEvent
INFO: ---[Event handled][NewResultAvailableEvent]
Oct 03, 2018 2:16:05 PM seedu.address.logic.LogicManager execute
INFO: ----------------[USER COMMAND][edit 1 n/Bob Choo p/22222222 e/bob@example.com a/Block 123, Bobby Street 3 t/husband]
Oct 03, 2018 2:16:05 PM seedu.address.ui.CommandBox handleCommandEntered
INFO: Invalid command: edit 1 n/Bob Choo p/22222222 e/bob@example.com a/Block 123, Bobby Street 3 t/husband
Oct 03, 2018 2:16:05 PM seedu.address.commons.core.EventsCenter post
INFO: ------[Event Posted] seedu.address.commons.events.ui.NewResultAvailableEvent: NewResultAvailableEvent
Oct 03, 2018 2:16:05 PM seedu.address.ui.ResultDisplay handleNewResultAvailableEvent
INFO: ---[Event handled][NewResultAvailableEvent]
Oct 03, 2018 2:16:06 PM seedu.address.logic.LogicManager execute
INFO: ----------------[USER COMMAND][edit 1 n/Bob Choo p/22222222 e/bob@example.com a/Block 312, Amy Street 1 t/friend t/husband]
Oct 03, 2018 2:16:06 PM seedu.address.ui.CommandBox handleCommandEntered
INFO: Invalid command: edit 1 n/Bob Choo p/22222222 e/bob@example.com a/Block 312, Amy Street 1 t/friend t/husband
Oct 03, 2018 2:16:06 PM seedu.address.commons.core.EventsCenter post
INFO: ------[Event Posted] seedu.address.commons.events.ui.NewResultAvailableEvent: NewResultAvailableEvent
Oct 03, 2018 2:16:06 PM seedu.address.ui.ResultDisplay handleNewResultAvailableEvent
INFO: ---[Event handled][NewResultAvailableEvent]
Oct 03, 2018 2:16:07 PM seedu.address.logic.LogicManager execute
INFO: ----------------[USER COMMAND][edit 1 n/Bob Choo p/11111111 e/bob@example.com a/Block 123, Bobby Street 3 t/friend t/husband]
Oct 03, 2018 2:16:07 PM seedu.address.ui.CommandBox handleCommandEntered
INFO: Invalid command: edit 1 n/Bob Choo p/11111111 e/bob@example.com a/Block 123, Bobby Street 3 t/friend t/husband
Oct 03, 2018 2:16:07 PM seedu.address.commons.core.EventsCenter post
INFO: ------[Event Posted] seedu.address.commons.events.ui.NewResultAvailableEvent: NewResultAvailableEvent
Oct 03, 2018 2:16:07 PM seedu.address.ui.ResultDisplay handleNewResultAvailableEvent
INFO: ---[Event handled][NewResultAvailableEvent]
Oct 03, 2018 2:16:07 PM seedu.address.logic.LogicManager execute
INFO: ----------------[USER COMMAND][edit 1 n/Bob Choo p/22222222 e/amy@example.com a/Block 123, Bobby Street 3 t/friend t/husband]
Oct 03, 2018 2:16:07 PM seedu.address.ui.CommandBox handleCommandEntered
INFO: Invalid command: edit 1 n/Bob Choo p/22222222 e/amy@example.com a/Block 123, Bobby Street 3 t/friend t/husband
Oct 03, 2018 2:16:07 PM seedu.address.commons.core.EventsCenter post
INFO: ------[Event Posted] seedu.address.commons.events.ui.NewResultAvailableEvent: NewResultAvailableEvent
Oct 03, 2018 2:16:07 PM seedu.address.ui.ResultDisplay handleNewResultAvailableEvent
INFO: ---[Event handled][NewResultAvailableEvent]
]]></system-err>
</testsuite>
