<?xml version="1.0" encoding="UTF-8"?>
<testsuite name="seedu.address.logic.CommandHistoryTest" tests="4" skipped="0" failures="0" errors="0" timestamp="2018-10-03T06:16:24" hostname="li320-15i" time="0.001">
  <properties/>
  <testcase name="equals" classname="seedu.address.logic.CommandHistoryTest" time="0.0"/>
  <testcase name="constructor_withCommandHistory_copiesCommandHistory" classname="seedu.address.logic.CommandHistoryTest" time="0.0"/>
  <testcase name="add" classname="seedu.address.logic.CommandHistoryTest" time="0.0"/>
  <testcase name="hashcode" classname="seedu.address.logic.CommandHistoryTest" time="0.0"/>
  <system-out><![CDATA[]]></system-out>
  <system-err><![CDATA[]]></system-err>
</testsuite>
