<?xml version="1.0" encoding="UTF-8"?>
<testsuite name="seedu.address.logic.LogicManagerTest" tests="4" skipped="0" failures="0" errors="0" timestamp="2018-10-03T06:16:24" hostname="li320-15i" time="0.005">
  <properties/>
  <testcase name="execute_invalidCommandFormat_throwsParseException" classname="seedu.address.logic.LogicManagerTest" time="0.001"/>
  <testcase name="execute_validCommand_success" classname="seedu.address.logic.LogicManagerTest" time="0.0"/>
  <testcase name="execute_commandExecutionError_throwsCommandException" classname="seedu.address.logic.LogicManagerTest" time="0.001"/>
  <testcase name="getFilteredPersonList_modifyList_throwsUnsupportedOperationException" classname="seedu.address.logic.LogicManagerTest" time="0.001"/>
  <system-out><![CDATA[]]></system-out>
  <system-err><![CDATA[Oct 03, 2018 2:16:24 PM seedu.address.logic.LogicManager execute
INFO: ----------------[USER COMMAND][uicfhmowqewca]
Oct 03, 2018 2:16:24 PM seedu.address.logic.LogicManager execute
INFO: ----------------[USER COMMAND][history]
Oct 03, 2018 2:16:24 PM seedu.address.logic.LogicManager execute
INFO: ----------------[USER COMMAND][list]
Oct 03, 2018 2:16:24 PM seedu.address.logic.LogicManager execute
INFO: ----------------[USER COMMAND][history]
Oct 03, 2018 2:16:24 PM seedu.address.logic.LogicManager execute
INFO: ----------------[USER COMMAND][delete 9]
Oct 03, 2018 2:16:24 PM seedu.address.logic.LogicManager execute
INFO: ----------------[USER COMMAND][history]
]]></system-err>
</testsuite>
