<?xml version="1.0" encoding="UTF-8"?>
<testsuite name="seedu.address.logic.parser.AddCommandParserTest" tests="4" skipped="0" failures="0" errors="0" timestamp="2018-10-03T06:16:24" hostname="li320-15i" time="0.029">
  <properties/>
  <testcase name="parse_optionalFieldsMissing_success" classname="seedu.address.logic.parser.AddCommandParserTest" time="0.008"/>
  <testcase name="parse_allFieldsPresent_success" classname="seedu.address.logic.parser.AddCommandParserTest" time="0.007"/>
  <testcase name="parse_invalidValue_failure" classname="seedu.address.logic.parser.AddCommandParserTest" time="0.003"/>
  <testcase name="parse_compulsoryFieldMissing_failure" classname="seedu.address.logic.parser.AddCommandParserTest" time="0.01"/>
  <system-out><![CDATA[]]></system-out>
  <system-err><![CDATA[]]></system-err>
</testsuite>
