<?xml version="1.0" encoding="UTF-8"?>
<testsuite name="seedu.address.logic.commands.EditPersonDescriptorTest" tests="1" skipped="0" failures="0" errors="0" timestamp="2018-10-03T06:16:24" hostname="li320-15i" time="0.001">
  <properties/>
  <testcase name="equals" classname="seedu.address.logic.commands.EditPersonDescriptorTest" time="0.001"/>
  <system-out><![CDATA[]]></system-out>
  <system-err><![CDATA[]]></system-err>
</testsuite>
