<?xml version="1.0" encoding="UTF-8"?>
<testsuite name="seedu.address.ui.MainWindowCloseTest" tests="2" skipped="0" failures="0" errors="0" timestamp="2018-10-03T06:16:33" hostname="li320-15i" time="1.413">
  <properties/>
  <testcase name="close_menuBarExitButton_exitAppRequestEventPosted" classname="seedu.address.ui.MainWindowCloseTest" time="1.098"/>
  <testcase name="close_externalRequest_exitAppRequestEventPosted" classname="seedu.address.ui.MainWindowCloseTest" time="0.315"/>
  <system-out><![CDATA[]]></system-out>
  <system-err><![CDATA[Oct 03, 2018 2:16:33 PM guitests.guihandles.StageHandle focus
INFO: Focusing onAddress App
Oct 03, 2018 2:16:33 PM guitests.guihandles.StageHandle focus
INFO: Finishing focus onAddress App
Oct 03, 2018 2:16:34 PM seedu.address.commons.core.EventsCenter post
INFO: ------[Event Posted] seedu.address.commons.events.ui.ExitAppRequestEvent: ExitAppRequestEvent
Oct 03, 2018 2:16:34 PM guitests.guihandles.StageHandle focus
INFO: Focusing onAddress App
Oct 03, 2018 2:16:34 PM guitests.guihandles.StageHandle focus
INFO: Finishing focus onAddress App
Oct 03, 2018 2:16:34 PM seedu.address.commons.core.EventsCenter post
INFO: ------[Event Posted] seedu.address.commons.events.ui.ExitAppRequestEvent: ExitAppRequestEvent
]]></system-err>
</testsuite>
