<?xml version="1.0" encoding="UTF-8"?>
<testsuite name="seedu.address.storage.XmlAdaptedPersonTest" tests="10" skipped="0" failures="0" errors="0" timestamp="2018-10-03T06:16:24" hostname="li320-15i" time="0.008">
  <properties/>
  <testcase name="toModelType_nullEmail_throwsIllegalValueException" classname="seedu.address.storage.XmlAdaptedPersonTest" time="0.001"/>
  <testcase name="toModelType_invalidTags_throwsIllegalValueException" classname="seedu.address.storage.XmlAdaptedPersonTest" time="0.001"/>
  <testcase name="toModelType_nullName_throwsIllegalValueException" classname="seedu.address.storage.XmlAdaptedPersonTest" time="0.001"/>
  <testcase name="toModelType_invalidAddress_throwsIllegalValueException" classname="seedu.address.storage.XmlAdaptedPersonTest" time="0.0"/>
  <testcase name="toModelType_invalidPhone_throwsIllegalValueException" classname="seedu.address.storage.XmlAdaptedPersonTest" time="0.0"/>
  <testcase name="toModelType_invalidName_throwsIllegalValueException" classname="seedu.address.storage.XmlAdaptedPersonTest" time="0.001"/>
  <testcase name="toModelType_invalidEmail_throwsIllegalValueException" classname="seedu.address.storage.XmlAdaptedPersonTest" time="0.001"/>
  <testcase name="toModelType_validPersonDetails_returnsPerson" classname="seedu.address.storage.XmlAdaptedPersonTest" time="0.0"/>
  <testcase name="toModelType_nullAddress_throwsIllegalValueException" classname="seedu.address.storage.XmlAdaptedPersonTest" time="0.001"/>
  <testcase name="toModelType_nullPhone_throwsIllegalValueException" classname="seedu.address.storage.XmlAdaptedPersonTest" time="0.001"/>
  <system-out><![CDATA[]]></system-out>
  <system-err><![CDATA[]]></system-err>
</testsuite>
