<?xml version="1.0" encoding="UTF-8"?>
<testsuite name="seedu.address.ui.CommandBoxTest" tests="5" skipped="0" failures="0" errors="0" timestamp="2018-10-03T06:16:24" hostname="li320-15i" time="7.004">
  <properties/>
  <testcase name="handleKeyPress_startingWithUp" classname="seedu.address.ui.CommandBoxTest" time="2.299"/>
  <testcase name="commandBox_startingWithFailedCommand" classname="seedu.address.ui.CommandBoxTest" time="1.696"/>
  <testcase name="commandBox_handleKeyPress" classname="seedu.address.ui.CommandBoxTest" time="0.61"/>
  <testcase name="handleKeyPress_startingWithDown" classname="seedu.address.ui.CommandBoxTest" time="1.6"/>
  <testcase name="commandBox_startingWithSuccessfulCommand" classname="seedu.address.ui.CommandBoxTest" time="0.797"/>
  <system-out><![CDATA[]]></system-out>
  <system-err><![CDATA[Oct 03, 2018 2:16:25 PM seedu.address.logic.LogicManager execute
INFO: ----------------[USER COMMAND][list]
Oct 03, 2018 2:16:25 PM seedu.address.ui.CommandBox handleCommandEntered
INFO: Result: Listed all persons
Oct 03, 2018 2:16:25 PM seedu.address.commons.core.EventsCenter post
INFO: ------[Event Posted] seedu.address.commons.events.ui.NewResultAvailableEvent: NewResultAvailableEvent
Oct 03, 2018 2:16:25 PM seedu.address.logic.LogicManager execute
INFO: ----------------[USER COMMAND][invalid command]
Oct 03, 2018 2:16:25 PM seedu.address.ui.CommandBox handleCommandEntered
INFO: Invalid command: invalid command
Oct 03, 2018 2:16:25 PM seedu.address.commons.core.EventsCenter post
INFO: ------[Event Posted] seedu.address.commons.events.ui.NewResultAvailableEvent: NewResultAvailableEvent
Oct 03, 2018 2:16:26 PM seedu.address.logic.LogicManager execute
INFO: ----------------[USER COMMAND][list]
Oct 03, 2018 2:16:26 PM seedu.address.ui.CommandBox handleCommandEntered
INFO: Result: Listed all persons
Oct 03, 2018 2:16:26 PM seedu.address.commons.core.EventsCenter post
INFO: ------[Event Posted] seedu.address.commons.events.ui.NewResultAvailableEvent: NewResultAvailableEvent
Oct 03, 2018 2:16:27 PM seedu.address.logic.LogicManager execute
INFO: ----------------[USER COMMAND][invalid command]
Oct 03, 2018 2:16:27 PM seedu.address.ui.CommandBox handleCommandEntered
INFO: Invalid command: invalid command
Oct 03, 2018 2:16:27 PM seedu.address.commons.core.EventsCenter post
INFO: ------[Event Posted] seedu.address.commons.events.ui.NewResultAvailableEvent: NewResultAvailableEvent
Oct 03, 2018 2:16:27 PM seedu.address.logic.LogicManager execute
INFO: ----------------[USER COMMAND][list]
Oct 03, 2018 2:16:27 PM seedu.address.ui.CommandBox handleCommandEntered
INFO: Result: Listed all persons
Oct 03, 2018 2:16:27 PM seedu.address.commons.core.EventsCenter post
INFO: ------[Event Posted] seedu.address.commons.events.ui.NewResultAvailableEvent: NewResultAvailableEvent
Oct 03, 2018 2:16:27 PM seedu.address.logic.LogicManager execute
INFO: ----------------[USER COMMAND][list]
Oct 03, 2018 2:16:27 PM seedu.address.ui.CommandBox handleCommandEntered
INFO: Result: Listed all persons
Oct 03, 2018 2:16:27 PM seedu.address.commons.core.EventsCenter post
INFO: ------[Event Posted] seedu.address.commons.events.ui.NewResultAvailableEvent: NewResultAvailableEvent
Oct 03, 2018 2:16:28 PM seedu.address.logic.LogicManager execute
INFO: ----------------[USER COMMAND][invalid command]
Oct 03, 2018 2:16:28 PM seedu.address.ui.CommandBox handleCommandEntered
INFO: Invalid command: invalid command
Oct 03, 2018 2:16:28 PM seedu.address.commons.core.EventsCenter post
INFO: ------[Event Posted] seedu.address.commons.events.ui.NewResultAvailableEvent: NewResultAvailableEvent
Oct 03, 2018 2:16:28 PM seedu.address.logic.LogicManager execute
INFO: ----------------[USER COMMAND][invalid command]
Oct 03, 2018 2:16:28 PM seedu.address.ui.CommandBox handleCommandEntered
INFO: Invalid command: invalid command
Oct 03, 2018 2:16:28 PM seedu.address.commons.core.EventsCenter post
INFO: ------[Event Posted] seedu.address.commons.events.ui.NewResultAvailableEvent: NewResultAvailableEvent
Oct 03, 2018 2:16:28 PM seedu.address.logic.LogicManager execute
INFO: ----------------[USER COMMAND][invalid command]
Oct 03, 2018 2:16:28 PM seedu.address.ui.CommandBox handleCommandEntered
INFO: Invalid command: invalid command
Oct 03, 2018 2:16:28 PM seedu.address.commons.core.EventsCenter post
INFO: ------[Event Posted] seedu.address.commons.events.ui.NewResultAvailableEvent: NewResultAvailableEvent
Oct 03, 2018 2:16:29 PM seedu.address.logic.LogicManager execute
INFO: ----------------[USER COMMAND][list]
Oct 03, 2018 2:16:29 PM seedu.address.ui.CommandBox handleCommandEntered
INFO: Result: Listed all persons
Oct 03, 2018 2:16:29 PM seedu.address.commons.core.EventsCenter post
INFO: ------[Event Posted] seedu.address.commons.events.ui.NewResultAvailableEvent: NewResultAvailableEvent
Oct 03, 2018 2:16:29 PM seedu.address.logic.LogicManager execute
INFO: ----------------[USER COMMAND][invalid command]
Oct 03, 2018 2:16:29 PM seedu.address.ui.CommandBox handleCommandEntered
INFO: Invalid command: invalid command
Oct 03, 2018 2:16:29 PM seedu.address.commons.core.EventsCenter post
INFO: ------[Event Posted] seedu.address.commons.events.ui.NewResultAvailableEvent: NewResultAvailableEvent
Oct 03, 2018 2:16:30 PM seedu.address.logic.LogicManager execute
INFO: ----------------[USER COMMAND][list]
Oct 03, 2018 2:16:30 PM seedu.address.ui.CommandBox handleCommandEntered
INFO: Result: Listed all persons
Oct 03, 2018 2:16:30 PM seedu.address.commons.core.EventsCenter post
INFO: ------[Event Posted] seedu.address.commons.events.ui.NewResultAvailableEvent: NewResultAvailableEvent
Oct 03, 2018 2:16:31 PM seedu.address.logic.LogicManager execute
INFO: ----------------[USER COMMAND][list]
Oct 03, 2018 2:16:31 PM seedu.address.ui.CommandBox handleCommandEntered
INFO: Result: Listed all persons
Oct 03, 2018 2:16:31 PM seedu.address.commons.core.EventsCenter post
INFO: ------[Event Posted] seedu.address.commons.events.ui.NewResultAvailableEvent: NewResultAvailableEvent
Oct 03, 2018 2:16:31 PM seedu.address.logic.LogicManager execute
INFO: ----------------[USER COMMAND][invalid command]
Oct 03, 2018 2:16:31 PM seedu.address.ui.CommandBox handleCommandEntered
INFO: Invalid command: invalid command
Oct 03, 2018 2:16:31 PM seedu.address.commons.core.EventsCenter post
INFO: ------[Event Posted] seedu.address.commons.events.ui.NewResultAvailableEvent: NewResultAvailableEvent
]]></system-err>
</testsuite>
