<?xml version="1.0" encoding="UTF-8"?>
<testsuite name="seedu.address.logic.parser.EditCommandParserTest" tests="9" skipped="0" failures="0" errors="0" timestamp="2018-10-03T06:16:24" hostname="li320-15i" time="0.05">
  <properties/>
  <testcase name="parse_resetTags_success" classname="seedu.address.logic.parser.EditCommandParserTest" time="0.001"/>
  <testcase name="parse_someFieldsSpecified_success" classname="seedu.address.logic.parser.EditCommandParserTest" time="0.01"/>
  <testcase name="parse_oneFieldSpecified_success" classname="seedu.address.logic.parser.EditCommandParserTest" time="0.001"/>
  <testcase name="parse_missingParts_failure" classname="seedu.address.logic.parser.EditCommandParserTest" time="0.001"/>
  <testcase name="parse_invalidPreamble_failure" classname="seedu.address.logic.parser.EditCommandParserTest" time="0.001"/>
  <testcase name="parse_allFieldsSpecified_success" classname="seedu.address.logic.parser.EditCommandParserTest" time="0.007"/>
  <testcase name="parse_invalidValue_failure" classname="seedu.address.logic.parser.EditCommandParserTest" time="0.005"/>
  <testcase name="parse_multipleRepeatedFields_acceptsLast" classname="seedu.address.logic.parser.EditCommandParserTest" time="0.018"/>
  <testcase name="parse_invalidValueFollowedByValidValue_success" classname="seedu.address.logic.parser.EditCommandParserTest" time="0.005"/>
  <system-out><![CDATA[]]></system-out>
  <system-err><![CDATA[]]></system-err>
</testsuite>
