<?xml version="1.0" encoding="UTF-8"?>
<testsuite name="seedu.address.logic.commands.DeleteCommandTest" tests="8" skipped="0" failures="0" errors="0" timestamp="2018-10-03T06:16:24" hostname="li320-15i" time="0.015">
  <properties/>
  <testcase name="executeUndoRedo_validIndexFilteredList_samePersonDeleted" classname="seedu.address.logic.commands.DeleteCommandTest" time="0.003"/>
  <testcase name="equals" classname="seedu.address.logic.commands.DeleteCommandTest" time="0.001"/>
  <testcase name="execute_invalidIndexUnfilteredList_throwsCommandException" classname="seedu.address.logic.commands.DeleteCommandTest" time="0.0"/>
  <testcase name="executeUndoRedo_validIndexUnfilteredList_success" classname="seedu.address.logic.commands.DeleteCommandTest" time="0.003"/>
  <testcase name="execute_validIndexUnfilteredList_success" classname="seedu.address.logic.commands.DeleteCommandTest" time="0.001"/>
  <testcase name="execute_validIndexFilteredList_success" classname="seedu.address.logic.commands.DeleteCommandTest" time="0.002"/>
  <testcase name="executeUndoRedo_invalidIndexUnfilteredList_failure" classname="seedu.address.logic.commands.DeleteCommandTest" time="0.002"/>
  <testcase name="execute_invalidIndexFilteredList_throwsCommandException" classname="seedu.address.logic.commands.DeleteCommandTest" time="0.0"/>
  <system-out><![CDATA[]]></system-out>
  <system-err><![CDATA[Oct 03, 2018 2:16:24 PM seedu.address.commons.core.EventsCenter post
INFO: ------[Event Posted] seedu.address.commons.events.model.AddressBookChangedEvent: number of persons 6
Oct 03, 2018 2:16:24 PM seedu.address.commons.core.EventsCenter post
INFO: ------[Event Posted] seedu.address.commons.events.model.AddressBookChangedEvent: number of persons 6
Oct 03, 2018 2:16:24 PM seedu.address.commons.core.EventsCenter post
INFO: ------[Event Posted] seedu.address.commons.events.model.AddressBookChangedEvent: number of persons 7
Oct 03, 2018 2:16:24 PM seedu.address.commons.core.EventsCenter post
INFO: ------[Event Posted] seedu.address.commons.events.model.AddressBookChangedEvent: number of persons 7
Oct 03, 2018 2:16:24 PM seedu.address.commons.core.EventsCenter post
INFO: ------[Event Posted] seedu.address.commons.events.model.AddressBookChangedEvent: number of persons 6
Oct 03, 2018 2:16:24 PM seedu.address.commons.core.EventsCenter post
INFO: ------[Event Posted] seedu.address.commons.events.model.AddressBookChangedEvent: number of persons 6
Oct 03, 2018 2:16:24 PM seedu.address.commons.core.EventsCenter post
INFO: ------[Event Posted] seedu.address.commons.events.model.AddressBookChangedEvent: number of persons 6
Oct 03, 2018 2:16:24 PM seedu.address.commons.core.EventsCenter post
INFO: ------[Event Posted] seedu.address.commons.events.model.AddressBookChangedEvent: number of persons 6
Oct 03, 2018 2:16:24 PM seedu.address.commons.core.EventsCenter post
INFO: ------[Event Posted] seedu.address.commons.events.model.AddressBookChangedEvent: number of persons 7
Oct 03, 2018 2:16:24 PM seedu.address.commons.core.EventsCenter post
INFO: ------[Event Posted] seedu.address.commons.events.model.AddressBookChangedEvent: number of persons 7
Oct 03, 2018 2:16:24 PM seedu.address.commons.core.EventsCenter post
INFO: ------[Event Posted] seedu.address.commons.events.model.AddressBookChangedEvent: number of persons 6
Oct 03, 2018 2:16:24 PM seedu.address.commons.core.EventsCenter post
INFO: ------[Event Posted] seedu.address.commons.events.model.AddressBookChangedEvent: number of persons 6
Oct 03, 2018 2:16:24 PM seedu.address.commons.core.EventsCenter post
INFO: ------[Event Posted] seedu.address.commons.events.model.AddressBookChangedEvent: number of persons 6
Oct 03, 2018 2:16:24 PM seedu.address.commons.core.EventsCenter post
INFO: ------[Event Posted] seedu.address.commons.events.model.AddressBookChangedEvent: number of persons 6
Oct 03, 2018 2:16:24 PM seedu.address.commons.core.EventsCenter post
INFO: ------[Event Posted] seedu.address.commons.events.model.AddressBookChangedEvent: number of persons 6
Oct 03, 2018 2:16:24 PM seedu.address.commons.core.EventsCenter post
INFO: ------[Event Posted] seedu.address.commons.events.model.AddressBookChangedEvent: number of persons 6
]]></system-err>
</testsuite>
