<?xml version="1.0" encoding="UTF-8"?>
<testsuite name="seedu.address.model.person.PhoneTest" tests="3" skipped="0" failures="0" errors="0" timestamp="2018-10-03T06:16:24" hostname="li320-15i" time="0.002">
  <properties/>
  <testcase name="constructor_null_throwsNullPointerException" classname="seedu.address.model.person.PhoneTest" time="0.0"/>
  <testcase name="constructor_invalidPhone_throwsIllegalArgumentException" classname="seedu.address.model.person.PhoneTest" time="0.001"/>
  <testcase name="isValidPhone" classname="seedu.address.model.person.PhoneTest" time="0.001"/>
  <system-out><![CDATA[]]></system-out>
  <system-err><![CDATA[]]></system-err>
</testsuite>
