<?xml version="1.0" encoding="UTF-8"?>
<testsuite name="seedu.address.AppParametersTest" tests="3" skipped="0" failures="0" errors="0" timestamp="2018-10-03T06:16:24" hostname="li320-15i" time="0.001">
  <properties/>
  <testcase name="parse_validConfigPath_success" classname="seedu.address.AppParametersTest" time="0.0"/>
  <testcase name="parse_nullConfigPath_success" classname="seedu.address.AppParametersTest" time="0.0"/>
  <testcase name="parse_invalidConfigPath_success" classname="seedu.address.AppParametersTest" time="0.001"/>
  <system-out><![CDATA[]]></system-out>
  <system-err><![CDATA[Oct 03, 2018 2:16:24 PM seedu.address.AppParameters parse
WARNING: Invalid config path a?. Using default config path.
]]></system-err>
</testsuite>
